<?xml version="1.0" encoding="UTF-8"?>
<!-- Generated by org.testng.reporters.JUnitReportReporter -->
<testsuite skipped="0" hostname="DESKTOP-5JOCHJR" name="com.homepageydcctestFailed.RegistationFormFailedTest" tests="1" failures="0" timestamp="2021-11-27T16:44:17 IST" time="23.590" errors="0">
  <testcase name="the_register_page_url_of_app_is_also_launched" time="23.590" classname="com.homepageydcctestFailed.RegistationFormFailedTest"/>
  <system-out/>
</testsuite> <!-- com.homepageydcctestFailed.RegistationFormFailedTest -->
