<?xml version="1.0" encoding="UTF-8"?>
<!-- Generated by org.testng.reporters.JUnitReportReporter -->
<testsuite skipped="0" hostname="DESKTOP-5JOCHJR" name="ydcc.runner.YdccRunnerMavenTest" tests="1" failures="0" timestamp="2021-11-27T16:44:17 IST" time="17.550" errors="0">
  <testcase name="runScenario" time="17.550" classname="ydcc.runner.YdccRunnerMavenTest"/>
  <system-out/>
</testsuite> <!-- ydcc.runner.YdccRunnerMavenTest -->
